0 info it worked if it ends with ok
1 verbose cli [ 'C:\\Program Files\\nodejs\\node.exe',
1 verbose cli   'C:\\Program Files\\nodejs\\node_modules\\npm\\bin\\npm-cli.js',
1 verbose cli   'start' ]
2 info using npm@4.1.2
3 info using node@v7.7.3
4 verbose run-script [ 'prestart', 'start', 'poststart' ]
5 info lifecycle boeing_supplier_comparison_analysis@1.0.0~prestart: boeing_supplier_comparison_analysis@1.0.0
6 silly lifecycle boeing_supplier_comparison_analysis@1.0.0~prestart: no script for prestart, continuing
7 info lifecycle boeing_supplier_comparison_analysis@1.0.0~start: boeing_supplier_comparison_analysis@1.0.0
8 verbose lifecycle boeing_supplier_comparison_analysis@1.0.0~start: unsafe-perm in lifecycle true
9 verbose lifecycle boeing_supplier_comparison_analysis@1.0.0~start: PATH: C:\Program Files\nodejs\node_modules\npm\bin\node-gyp-bin;C:\Users\90001806\Desktop\24-11-17\node_modules\.bin;C:\ProgramData\Oracle\Java\javapath;C:\Program Files (x86)\Intel\iCLS Client\;C:\Program Files\Intel\iCLS Client\;C:\Windows\system32;C:\Windows;C:\Windows\System32\Wbem;C:\Windows\System32\WindowsPowerShell\v1.0\;C:\Program Files (x86)\Intel\Intel(R) Management Engine Components\DAL;C:\Program Files\Intel\Intel(R) Management Engine Components\DAL;C:\Program Files (x86)\Intel\Intel(R) Management Engine Components\IPT;C:\Program Files\Intel\Intel(R) Management Engine Components\IPT;C:\Program Files\TortoiseSVN\bin;C:\Program Files\nodejs\;C:\Program Files (x86)\MySQL\MySQL Fabric 1.5 & MySQL Utilities 1.5\;C:\Program Files (x86)\MySQL\MySQL Fabric 1.5 & MySQL Utilities 1.5\Doctrine extensions for PHP\;C:\Program Files\Git\cmd;C:\Program Files\Git\mingw64\bin;C:\Program Files\Git\usr\bin;C:\Program Files\nodejs\;C:\Users\90001806\AppData\Roaming\npm-cache;C:\Users\90001806\AppData\Roaming\npm;C:\Program Files\nodejs\node_modules\npm\bin;C:\Users\90001806\AppData\Local\Microsoft\WindowsApps;C:\Users\90001806\AppData\Roaming\npm;C:\Program Files (x86)\Microsoft VS Code\bin;C:\Users\90001806\AppData\Roaming\npm;C:\Users\90001806\AppData\Roaming\npm-cache;C:\Program Files\nodejs\node_modules\npm\bin
10 verbose lifecycle boeing_supplier_comparison_analysis@1.0.0~start: CWD: C:\Users\90001806\Desktop\24-11-17
11 silly lifecycle boeing_supplier_comparison_analysis@1.0.0~start: Args: [ '/d /s /c', 'nodemon server.js' ]
12 silly lifecycle boeing_supplier_comparison_analysis@1.0.0~start: Returned: code: 3221225786  signal: null
13 info lifecycle boeing_supplier_comparison_analysis@1.0.0~start: Failed to exec start script
14 verbose stack Error: boeing_supplier_comparison_analysis@1.0.0 start: `nodemon server.js`
14 verbose stack Exit status 3221225786
14 verbose stack     at EventEmitter.<anonymous> (C:\Program Files\nodejs\node_modules\npm\lib\utils\lifecycle.js:279:16)
14 verbose stack     at emitTwo (events.js:106:13)
14 verbose stack     at EventEmitter.emit (events.js:194:7)
14 verbose stack     at ChildProcess.<anonymous> (C:\Program Files\nodejs\node_modules\npm\lib\utils\spawn.js:40:14)
14 verbose stack     at emitTwo (events.js:106:13)
14 verbose stack     at ChildProcess.emit (events.js:194:7)
14 verbose stack     at maybeClose (internal/child_process.js:899:16)
14 verbose stack     at Process.ChildProcess._handle.onexit (internal/child_process.js:226:5)
15 verbose pkgid boeing_supplier_comparison_analysis@1.0.0
16 verbose cwd C:\Users\90001806\Desktop\24-11-17
17 error Windows_NT 10.0.14393
18 error argv "C:\\Program Files\\nodejs\\node.exe" "C:\\Program Files\\nodejs\\node_modules\\npm\\bin\\npm-cli.js" "start"
19 error node v7.7.3
20 error npm  v4.1.2
21 error code ELIFECYCLE
22 error boeing_supplier_comparison_analysis@1.0.0 start: `nodemon server.js`
22 error Exit status 3221225786
23 error Failed at the boeing_supplier_comparison_analysis@1.0.0 start script 'nodemon server.js'.
23 error Make sure you have the latest version of node.js and npm installed.
23 error If you do, this is most likely a problem with the boeing_supplier_comparison_analysis package,
23 error not with npm itself.
23 error Tell the author that this fails on your system:
23 error     nodemon server.js
23 error You can get information on how to open an issue for this project with:
23 error     npm bugs boeing_supplier_comparison_analysis
23 error Or if that isn't available, you can get their info via:
23 error     npm owner ls boeing_supplier_comparison_analysis
23 error There is likely additional logging output above.
24 verbose exit [ 1, true ]
